<?xml version="1.0" encoding="UTF-8" ?>
<testsuite tests="4" failures="0" name="com.ja.resapi.AccountControllerTest" time="1.344" errors="0" skipped="0">
  <properties>
[...]
</properties>
  <testcase classname="com.ja.resapi.AccountControllerTest" name="createAccount" time="0.609"/>
  <testcase classname="com.ja.resapi.AccountControllerTest" name="deleteAccount" time="0.078"/>
  <testcase classname="com.ja.resapi.AccountControllerTest" name="getAccountBySecondName" time="0.61"/>
  <testcase classname="com.ja.resapi.AccountControllerTest" name="getAllAccounts" time="0.047"/>
</testsuite>